This is pdfTeX, Version 3.14159265-2.6-1.40.16 (TeX Live 2015/Debian) (preloaded format=pdflatex 2017.8.29)  15 APR 2018 14:48
entering extended mode
 restricted \write18 enabled.
 %&-line parsing enabled.
**mwg2_finalreport.tex
(./mwg2_finalreport.tex
LaTeX2e <2016/02/01>
Babel <3.9q> and hyphenation patterns for 81 language(s) loaded.
(/usr/share/texlive/texmf-dist/tex/latex/base/report.cls
Document Class: report 2014/09/29 v1.4h Standard LaTeX document class
(/usr/share/texlive/texmf-dist/tex/latex/base/size11.clo
File: size11.clo 2014/09/29 v1.4h Standard LaTeX file (size option)
)
\c@part=\count79
\c@chapter=\count80
\c@section=\count81
\c@subsection=\count82
\c@subsubsection=\count83
\c@paragraph=\count84
\c@subparagraph=\count85
\c@figure=\count86
\c@table=\count87
\abovecaptionskip=\skip41
\belowcaptionskip=\skip42
\bibindent=\dimen102
) (./mmp.sty
Package: mmp 

(/usr/share/texlive/texmf-dist/tex/latex/graphics/graphicx.sty
Package: graphicx 2014/10/28 v1.0g Enhanced LaTeX Graphics (DPC,SPQR)

(/usr/share/texlive/texmf-dist/tex/latex/graphics/keyval.sty
Package: keyval 2014/10/28 v1.15 key=value parser (DPC)
\KV@toks@=\toks14
)
(/usr/share/texlive/texmf-dist/tex/latex/graphics/graphics.sty
Package: graphics 2016/01/03 v1.0q Standard LaTeX Graphics (DPC,SPQR)

(/usr/share/texlive/texmf-dist/tex/latex/graphics/trig.sty
Package: trig 2016/01/03 v1.10 sin cos tan (DPC)
)
(/usr/share/texlive/texmf-dist/tex/latex/latexconfig/graphics.cfg
File: graphics.cfg 2010/04/23 v1.9 graphics configuration of TeX Live
)
Package graphics Info: Driver file: pdftex.def on input line 95.

(/usr/share/texlive/texmf-dist/tex/latex/pdftex-def/pdftex.def
File: pdftex.def 2011/05/27 v0.06d Graphics/color for pdfTeX

(/usr/share/texlive/texmf-dist/tex/generic/oberdiek/infwarerr.sty
Package: infwarerr 2010/04/08 v1.3 Providing info/warning/error messages (HO)
)
(/usr/share/texlive/texmf-dist/tex/generic/oberdiek/ltxcmds.sty
Package: ltxcmds 2011/11/09 v1.22 LaTeX kernel commands for general use (HO)
)
\Gread@gobject=\count88
))
\Gin@req@height=\dimen103
\Gin@req@width=\dimen104
)
(/usr/share/texlive/texmf-dist/tex/latex/psnfss/palatino.sty
Package: palatino 2005/04/12 PSNFSS-v9.2a (SPQR) 
)
(/usr/share/texlive/texmf-dist/tex/latex/carlisle/plain.sty
Package: plain 1996/04/22 Plain TeX emulation (DPC)
\tabs@latex=\box26
\tabsyet@latex=\box27
\tabsdone@latex=\box28
)
(/usr/share/texlive/texmf-dist/tex/latex/amsmath/amsmath.sty
Package: amsmath 2016/03/03 v2.15a AMS math features
\@mathmargin=\skip43

For additional information on amsmath, use the `?' option.
(/usr/share/texlive/texmf-dist/tex/latex/amsmath/amstext.sty
Package: amstext 2000/06/29 v2.01 AMS text

(/usr/share/texlive/texmf-dist/tex/latex/amsmath/amsgen.sty
File: amsgen.sty 1999/11/30 v2.0 generic functions
\@emptytoks=\toks15
\ex@=\dimen105
))
(/usr/share/texlive/texmf-dist/tex/latex/amsmath/amsbsy.sty
Package: amsbsy 1999/11/29 v1.2d Bold Symbols
\pmbraise@=\dimen106
)
(/usr/share/texlive/texmf-dist/tex/latex/amsmath/amsopn.sty
Package: amsopn 1999/12/14 v2.01 operator names
)
\inf@bad=\count89
LaTeX Info: Redefining \frac on input line 199.
\uproot@=\count90
\leftroot@=\count91
LaTeX Info: Redefining \overline on input line 297.
\classnum@=\count92
\DOTSCASE@=\count93
LaTeX Info: Redefining \ldots on input line 394.
LaTeX Info: Redefining \dots on input line 397.
LaTeX Info: Redefining \cdots on input line 518.
\Mathstrutbox@=\box29
\strutbox@=\box30
\big@size=\dimen107
LaTeX Font Info:    Redeclaring font encoding OML on input line 630.
LaTeX Font Info:    Redeclaring font encoding OMS on input line 631.
\macc@depth=\count94
\c@MaxMatrixCols=\count95
\dotsspace@=\muskip10
\c@parentequation=\count96
\dspbrk@lvl=\count97
\tag@help=\toks16
\row@=\count98
\column@=\count99
\maxfields@=\count100
\andhelp@=\toks17
\eqnshift@=\dimen108
\alignsep@=\dimen109
\tagshift@=\dimen110
\tagwidth@=\dimen111
\totwidth@=\dimen112
\lineht@=\dimen113
\@envbody=\toks18
\multlinegap=\skip44
\multlinetaggap=\skip45
\mathdisplay@stack=\toks19
LaTeX Info: Redefining \[ on input line 2735.
LaTeX Info: Redefining \] on input line 2736.
)
(/usr/share/texlive/texmf-dist/tex/latex/amsfonts/amsfonts.sty
Package: amsfonts 2013/01/14 v3.01 Basic AMSFonts support
\symAMSa=\mathgroup4
\symAMSb=\mathgroup5
LaTeX Font Info:    Overwriting math alphabet `\mathfrak' in version `bold'
(Font)                  U/euf/m/n --> U/euf/b/n on input line 106.
)
(/usr/share/texlive/texmf-dist/tex/latex/amsfonts/amssymb.sty
Package: amssymb 2013/01/14 v3.01 AMS font symbols
)
(/usr/share/texlive/texmf-dist/tex/latex/caption/subcaption.sty
Package: subcaption 2016/02/20 v1.1-142 Sub-captions (AR)

(/usr/share/texlive/texmf-dist/tex/latex/caption/caption.sty
Package: caption 2016/02/21 v3.3-144 Customizing captions (AR)

(/usr/share/texlive/texmf-dist/tex/latex/caption/caption3.sty
Package: caption3 2016/02/04 v1.7-139 caption3 kernel (AR)
Package caption3 Info: TeX engine: e-TeX on input line 67.
\captionmargin=\dimen114
\captionmargin@=\dimen115
\captionwidth=\dimen116
\caption@tempdima=\dimen117
\caption@indent=\dimen118
\caption@parindent=\dimen119
\caption@hangindent=\dimen120
)
\c@ContinuedFloat=\count101
)
\c@subfigure=\count102
\c@subtable=\count103
)
(/usr/share/texlive/texmf-dist/tex/latex/float/float.sty
Package: float 2001/11/08 v1.3d Float enhancements (AL)
\c@float@type=\count104
\float@exts=\toks20
\float@box=\box31
\@float@everytoks=\toks21
\@floatcapt=\box32
)
(/usr/share/texlive/texmf-dist/tex/latex/listings/listings.sty
\lst@mode=\count105
\lst@gtempboxa=\box33
\lst@token=\toks22
\lst@length=\count106
\lst@currlwidth=\dimen121
\lst@column=\count107
\lst@pos=\count108
\lst@lostspace=\dimen122
\lst@width=\dimen123
\lst@newlines=\count109
\lst@lineno=\count110
\lst@maxwidth=\dimen124

(/usr/share/texlive/texmf-dist/tex/latex/listings/lstmisc.sty
File: lstmisc.sty 2015/06/04 1.6 (Carsten Heinz)
\c@lstnumber=\count111
\lst@skipnumbers=\count112
\lst@framebox=\box34
)
(/usr/share/texlive/texmf-dist/tex/latex/listings/listings.cfg
File: listings.cfg 2015/06/04 1.6 listings configuration
))
Package: listings 2015/06/04 1.6 (Carsten Heinz)

(/usr/share/texlive/texmf-dist/tex/latex/psnfss/times.sty
Package: times 2005/04/12 PSNFSS-v9.2a (SPQR) 
)
(/usr/share/texlive/texmf-dist/tex/latex/fancyhdr/fancyhdr.sty
\fancy@headwidth=\skip46
\f@ncyO@elh=\skip47
\f@ncyO@erh=\skip48
\f@ncyO@olh=\skip49
\f@ncyO@orh=\skip50
\f@ncyO@elf=\skip51
\f@ncyO@erf=\skip52
\f@ncyO@olf=\skip53
\f@ncyO@orf=\skip54
)
(/usr/share/texlive/texmf-dist/tex/latex/lastpage/lastpage.sty
Package: lastpage 2015/03/29 v1.2m Refers to last page's name (HMM; JPG)
)
(/usr/share/texlive/texmf-dist/tex/latex/hyperref/hyperref.sty
Package: hyperref 2012/11/06 v6.83m Hypertext links for LaTeX

(/usr/share/texlive/texmf-dist/tex/generic/oberdiek/hobsub-hyperref.sty
Package: hobsub-hyperref 2012/05/28 v1.13 Bundle oberdiek, subset hyperref (HO)


(/usr/share/texlive/texmf-dist/tex/generic/oberdiek/hobsub-generic.sty
Package: hobsub-generic 2012/05/28 v1.13 Bundle oberdiek, subset generic (HO)
Package: hobsub 2012/05/28 v1.13 Construct package bundles (HO)
Package hobsub Info: Skipping package `infwarerr' (already loaded).
Package hobsub Info: Skipping package `ltxcmds' (already loaded).
Package: ifluatex 2010/03/01 v1.3 Provides the ifluatex switch (HO)
Package ifluatex Info: LuaTeX not detected.
Package: ifvtex 2010/03/01 v1.5 Detect VTeX and its facilities (HO)
Package ifvtex Info: VTeX not detected.
Package: intcalc 2007/09/27 v1.1 Expandable calculations with integers (HO)
Package: ifpdf 2011/01/30 v2.3 Provides the ifpdf switch (HO)
Package ifpdf Info: pdfTeX in PDF mode is detected.
Package: etexcmds 2011/02/16 v1.5 Avoid name clashes with e-TeX commands (HO)
Package etexcmds Info: Could not find \expanded.
(etexcmds)             That can mean that you are not using pdfTeX 1.50 or
(etexcmds)             that some package has redefined \expanded.
(etexcmds)             In the latter case, load this package earlier.
Package: kvsetkeys 2012/04/25 v1.16 Key value parser (HO)
Package: kvdefinekeys 2011/04/07 v1.3 Define keys (HO)
Package: pdftexcmds 2011/11/29 v0.20 Utility functions of pdfTeX for LuaTeX (HO
)
Package pdftexcmds Info: LuaTeX not detected.
Package pdftexcmds Info: \pdf@primitive is available.
Package pdftexcmds Info: \pdf@ifprimitive is available.
Package pdftexcmds Info: \pdfdraftmode found.
Package: pdfescape 2011/11/25 v1.13 Implements pdfTeX's escape features (HO)
Package: bigintcalc 2012/04/08 v1.3 Expandable calculations on big integers (HO
)
Package: bitset 2011/01/30 v1.1 Handle bit-vector datatype (HO)
Package: uniquecounter 2011/01/30 v1.2 Provide unlimited unique counter (HO)
)
Package hobsub Info: Skipping package `hobsub' (already loaded).
Package: letltxmacro 2010/09/02 v1.4 Let assignment for LaTeX macros (HO)
Package: hopatch 2012/05/28 v1.2 Wrapper for package hooks (HO)
Package: xcolor-patch 2011/01/30 xcolor patch
Package: atveryend 2011/06/30 v1.8 Hooks at the very end of document (HO)
Package atveryend Info: \enddocument detected (standard20110627).
Package: atbegshi 2011/10/05 v1.16 At begin shipout hook (HO)
Package: refcount 2011/10/16 v3.4 Data extraction from label references (HO)
Package: hycolor 2011/01/30 v1.7 Color options for hyperref/bookmark (HO)
)
(/usr/share/texlive/texmf-dist/tex/generic/ifxetex/ifxetex.sty
Package: ifxetex 2010/09/12 v0.6 Provides ifxetex conditional
)
(/usr/share/texlive/texmf-dist/tex/latex/oberdiek/auxhook.sty
Package: auxhook 2011/03/04 v1.3 Hooks for auxiliary files (HO)
)
(/usr/share/texlive/texmf-dist/tex/latex/oberdiek/kvoptions.sty
Package: kvoptions 2011/06/30 v3.11 Key value format for package options (HO)
)
\@linkdim=\dimen125
\Hy@linkcounter=\count113
\Hy@pagecounter=\count114

(/usr/share/texlive/texmf-dist/tex/latex/hyperref/pd1enc.def
File: pd1enc.def 2012/11/06 v6.83m Hyperref: PDFDocEncoding definition (HO)
)
\Hy@SavedSpaceFactor=\count115

(/usr/share/texlive/texmf-dist/tex/latex/latexconfig/hyperref.cfg
File: hyperref.cfg 2002/06/06 v1.2 hyperref configuration of TeXLive
)
Package hyperref Info: Hyper figures OFF on input line 4443.
Package hyperref Info: Link nesting OFF on input line 4448.
Package hyperref Info: Hyper index ON on input line 4451.
Package hyperref Info: Plain pages OFF on input line 4458.
Package hyperref Info: Backreferencing OFF on input line 4463.
Package hyperref Info: Implicit mode ON; LaTeX internals redefined.
Package hyperref Info: Bookmarks ON on input line 4688.
\c@Hy@tempcnt=\count116

(/usr/share/texlive/texmf-dist/tex/latex/url/url.sty
\Urlmuskip=\muskip11
Package: url 2013/09/16  ver 3.4  Verb mode for urls, etc.
)
LaTeX Info: Redefining \url on input line 5041.
\XeTeXLinkMargin=\dimen126
\Fld@menulength=\count117
\Field@Width=\dimen127
\Fld@charsize=\dimen128
Package hyperref Info: Hyper figures OFF on input line 6295.
Package hyperref Info: Link nesting OFF on input line 6300.
Package hyperref Info: Hyper index ON on input line 6303.
Package hyperref Info: backreferencing OFF on input line 6310.
Package hyperref Info: Link coloring OFF on input line 6315.
Package hyperref Info: Link coloring with OCG OFF on input line 6320.
Package hyperref Info: PDF/A mode OFF on input line 6325.
LaTeX Info: Redefining \ref on input line 6365.
LaTeX Info: Redefining \pageref on input line 6369.
\Hy@abspage=\count118
\c@Item=\count119
\c@Hfootnote=\count120
)

Package hyperref Message: Driver (autodetected): hpdftex.

(/usr/share/texlive/texmf-dist/tex/latex/hyperref/hpdftex.def
File: hpdftex.def 2012/11/06 v6.83m Hyperref driver for pdfTeX
\Fld@listcount=\count121
\c@bookmark@seq@number=\count122

(/usr/share/texlive/texmf-dist/tex/latex/oberdiek/rerunfilecheck.sty
Package: rerunfilecheck 2011/04/15 v1.7 Rerun checks for auxiliary files (HO)
Package uniquecounter Info: New unique counter `rerunfilecheck' on input line 2
82.
)
\Hy@SectionHShift=\skip55
))
(/usr/share/texlive/texmf-dist/tex/latex/pdfpages/pdfpages.sty
Package: pdfpages 2015/09/18 v0.5d Insert pages of external PDF documents (AM)

(/usr/share/texlive/texmf-dist/tex/latex/base/ifthen.sty
Package: ifthen 2014/09/29 v1.1c Standard LaTeX ifthen package (DPC)
)
(/usr/share/texlive/texmf-dist/tex/latex/tools/calc.sty
Package: calc 2014/10/28 v4.3 Infix arithmetic (KKT,FJ)
\calc@Acount=\count123
\calc@Bcount=\count124
\calc@Adimen=\dimen129
\calc@Bdimen=\dimen130
\calc@Askip=\skip56
\calc@Bskip=\skip57
LaTeX Info: Redefining \setlength on input line 80.
LaTeX Info: Redefining \addtolength on input line 81.
\calc@Ccount=\count125
\calc@Cskip=\skip58
)
(/usr/share/texlive/texmf-dist/tex/latex/eso-pic/eso-pic.sty
Package: eso-pic 2015/07/21 v2.0g eso-pic (RN)

(/usr/share/texlive/texmf-dist/tex/latex/xcolor/xcolor.sty
Package: xcolor 2007/01/21 v2.11 LaTeX color extensions (UK)

(/usr/share/texlive/texmf-dist/tex/latex/latexconfig/color.cfg
File: color.cfg 2007/01/18 v1.5 color configuration of teTeX/TeXLive
)
Package xcolor Info: Driver file: pdftex.def on input line 225.
Package xcolor Info: Model `cmy' substituted by `cmy0' on input line 1337.
Package xcolor Info: Model `hsb' substituted by `rgb' on input line 1341.
Package xcolor Info: Model `RGB' extended on input line 1353.
Package xcolor Info: Model `HTML' substituted by `rgb' on input line 1355.
Package xcolor Info: Model `Hsb' substituted by `hsb' on input line 1356.
Package xcolor Info: Model `tHsb' substituted by `hsb' on input line 1357.
Package xcolor Info: Model `HSB' substituted by `hsb' on input line 1358.
Package xcolor Info: Model `Gray' substituted by `gray' on input line 1359.
Package xcolor Info: Model `wave' substituted by `hsb' on input line 1360.
))
\AM@pagewidth=\dimen131
\AM@pageheight=\dimen132

(/usr/share/texlive/texmf-dist/tex/latex/pdfpages/pppdftex.def
File: pppdftex.def 2015/09/18 v0.5d Pdfpages driver for pdfTeX (AM)
)
\AM@pagebox=\box35
\AM@toc@title=\toks23
\c@AM@survey=\count126
\AM@templatesizebox=\box36
)
(./mwg2_finalreport.aux (./cover.aux) (./declaration.aux)
(./acknowledgements.aux) (./abstract.aux) (./Chapter1/chapter1.aux)
(./Chapter2/chapter2.aux

LaTeX Warning: Label `fig:burn1' multiply defined.

) (./Chapter3/chapter3.aux) (./Appendix1/appendix1.aux)
(./Appendix2/appendix2.aux) (./Appendix3/appendix3.aux)
(./Appendix4/appendix4.aux) (./Appendix5/appendix5.aux))
\openout1 = `mwg2_finalreport.aux'.

LaTeX Font Info:    Checking defaults for OML/cmm/m/it on input line 39.
LaTeX Font Info:    ... okay on input line 39.
LaTeX Font Info:    Checking defaults for T1/cmr/m/n on input line 39.
LaTeX Font Info:    ... okay on input line 39.
LaTeX Font Info:    Checking defaults for OT1/cmr/m/n on input line 39.
LaTeX Font Info:    ... okay on input line 39.
LaTeX Font Info:    Checking defaults for OMS/cmsy/m/n on input line 39.
LaTeX Font Info:    ... okay on input line 39.
LaTeX Font Info:    Checking defaults for OMX/cmex/m/n on input line 39.
LaTeX Font Info:    ... okay on input line 39.
LaTeX Font Info:    Checking defaults for U/cmr/m/n on input line 39.
LaTeX Font Info:    ... okay on input line 39.
LaTeX Font Info:    Checking defaults for PD1/pdf/m/n on input line 39.
LaTeX Font Info:    ... okay on input line 39.
LaTeX Font Info:    Try loading font information for OT1+ptm on input line 39.

(/usr/share/texlive/texmf-dist/tex/latex/psnfss/ot1ptm.fd
File: ot1ptm.fd 2001/06/04 font definitions for OT1/ptm.
)
(/usr/share/texlive/texmf-dist/tex/context/base/supp-pdf.mkii
[Loading MPS to PDF converter (version 2006.09.02).]
\scratchcounter=\count127
\scratchdimen=\dimen133
\scratchbox=\box37
\nofMPsegments=\count128
\nofMParguments=\count129
\everyMPshowfont=\toks24
\MPscratchCnt=\count130
\MPscratchDim=\dimen134
\MPnumerator=\count131
\makeMPintoPDFobject=\count132
\everyMPtoPDFconversion=\toks25
) (/usr/share/texlive/texmf-dist/tex/latex/oberdiek/epstopdf-base.sty
Package: epstopdf-base 2010/02/09 v2.5 Base part for package epstopdf

(/usr/share/texlive/texmf-dist/tex/latex/oberdiek/grfext.sty
Package: grfext 2010/08/19 v1.1 Manage graphics extensions (HO)
)
Package grfext Info: Graphics extension search list:
(grfext)             [.png,.pdf,.jpg,.mps,.jpeg,.jbig2,.jb2,.PNG,.PDF,.JPG,.JPE
G,.JBIG2,.JB2,.eps]
(grfext)             \AppendGraphicsExtensions on input line 452.

(/usr/share/texlive/texmf-dist/tex/latex/latexconfig/epstopdf-sys.cfg
File: epstopdf-sys.cfg 2010/07/13 v1.3 Configuration of (r)epstopdf for TeX Liv
e
))
Package caption Info: Begin \AtBeginDocument code.
Package caption Info: float package is loaded.
Package caption Info: hyperref package is loaded.
Package caption Info: listings package is loaded.
Package caption Info: End \AtBeginDocument code.
\c@lstlisting=\count133
Package lastpage Info: Please have a look at the pageslts package at
(lastpage)             https://www.ctan.org/pkg/pageslts
(lastpage)             ! on input line 39.
\AtBeginShipoutBox=\box38
Package hyperref Info: Link coloring OFF on input line 39.

(/usr/share/texlive/texmf-dist/tex/latex/hyperref/nameref.sty
Package: nameref 2012/10/27 v2.43 Cross-referencing by name of section

(/usr/share/texlive/texmf-dist/tex/generic/oberdiek/gettitlestring.sty
Package: gettitlestring 2010/12/03 v1.4 Cleanup title references (HO)
)
\c@section@level=\count134
)
LaTeX Info: Redefining \ref on input line 39.
LaTeX Info: Redefining \pageref on input line 39.
LaTeX Info: Redefining \nameref on input line 39.

(./mwg2_finalreport.out) (./mwg2_finalreport.out)
\@outlinefile=\write3
\openout3 = `mwg2_finalreport.out'.


(/usr/share/texlive/texmf-dist/tex/latex/oberdiek/pdflscape.sty
Package: pdflscape 2008/08/11 v0.10 Display of landscape pages in PDF (HO)

(/usr/share/texlive/texmf-dist/tex/latex/graphics/lscape.sty
Package: lscape 2000/10/22 v3.01 Landscape Pages (DPC)
)
Package pdflscape Info: Auto-detected driver: pdftex on input line 80.
)
\openout2 = `cover.aux'.

 (./cover.tex
LaTeX Font Info:    Font shape `OT1/ptm/bx/n' in size <14.4> not available
(Font)              Font shape `OT1/ptm/b/n' tried instead on input line 28.
LaTeX Font Info:    Try loading font information for U+msa on input line 28.

(/usr/share/texlive/texmf-dist/tex/latex/amsfonts/umsa.fd
File: umsa.fd 2013/01/14 v3.01 AMS symbols A
)
LaTeX Font Info:    Try loading font information for U+msb on input line 28.

(/usr/share/texlive/texmf-dist/tex/latex/amsfonts/umsb.fd
File: umsb.fd 2013/01/14 v3.01 AMS symbols B
) [0


{/var/lib/texmf/fonts/map/pdftex/updmap/pdftex.map}])
\openout2 = `declaration.aux'.

 (./declaration.tex
LaTeX Font Info:    Font shape `OT1/ptm/bx/n' in size <17.28> not available
(Font)              Font shape `OT1/ptm/b/n' tried instead on input line 10.

Underfull \hbox (badness 10000) in paragraph at lines 27--28

 []


Underfull \hbox (badness 10000) in paragraph at lines 30--31

 []


Underfull \hbox (badness 10000) in paragraph at lines 50--51

 []

)
Underfull \hbox (badness 10000) in paragraph at lines 53--54

 []

[1


]
\openout2 = `acknowledgements.aux'.

 (./acknowledgements.tex) [2


]
\openout2 = `abstract.aux'.

 (./abstract.tex) [3


] (./mwg2_finalreport.toc
LaTeX Font Info:    Font shape `OT1/ptm/bx/n' in size <10.95> not available
(Font)              Font shape `OT1/ptm/b/n' tried instead on input line 1.
pdfTeX warning (ext4): destination with the same identifier (name{page.i}) has 
been already used, duplicate ignored
<to be read again> 
                   \relax 
l.52 ...er}{\numberline {4}Testing}{25}{chapter.4}
                                                   [1

])
\tf@toc=\write4
\openout4 = `mwg2_finalreport.toc'.

pdfTeX warning (ext4): destination with the same identifier (name{page.ii}) has
 been already used, duplicate ignored
<to be read again> 
                   \relax 
l.67 \newpage
              [2] (./mwg2_finalreport.lof)
\tf@lof=\write5
\openout5 = `mwg2_finalreport.lof'.

pdfTeX warning (ext4): destination with the same identifier (name{page.iii}) ha
s been already used, duplicate ignored
<to be read again> 
                   \relax 
l.69 \newpage
              [3] (./mwg2_finalreport.lot)
\tf@lot=\write6
\openout6 = `mwg2_finalreport.lot'.

 [4]
\openout2 = `Chapter1/chapter1.aux'.

 (./Chapter1/chapter1.tex
Chapter 1.
LaTeX Font Info:    Font shape `OT1/ptm/bx/n' in size <20.74> not available
(Font)              Font shape `OT1/ptm/b/n' tried instead on input line 1.
LaTeX Font Info:    Font shape `OT1/ptm/bx/n' in size <24.88> not available
(Font)              Font shape `OT1/ptm/b/n' tried instead on input line 1.
LaTeX Font Info:    Font shape `OT1/ptm/bx/n' in size <12> not available
(Font)              Font shape `OT1/ptm/b/n' tried instead on input line 12.
[1


] [2] <images/qwizdom.png, id=469, 348.30125pt x 293.095pt>
File: images/qwizdom.png Graphic file (type png)

<use images/qwizdom.png>
Package pdftex.def Info: images/qwizdom.png used on input line 95.
(pdftex.def)             Requested size: 348.3004pt x 293.09427pt.
 [3 <./images/qwizdom.png>] [4]
LaTeX Font Info:    Try loading font information for OT1+pcr on input line 219.


(/usr/share/texlive/texmf-dist/tex/latex/psnfss/ot1pcr.fd
File: ot1pcr.fd 2001/06/04 font definitions for OT1/pcr.
) [5]) [6]
\openout2 = `Chapter2/chapter2.aux'.


(./Chapter2/chapter2.tex
Chapter 2.
<images/../../design/app_structure.jpg, id=529, 2600.71625pt x 2515.3975pt>
File: images/../../design/app_structure.jpg Graphic file (type jpg)

<use images/../../design/app_structure.jpg>
Package pdftex.def Info: images/../../design/app_structure.jpg used on input li
ne 31.
(pdftex.def)             Requested size: 298.75262pt x 288.93839pt.


LaTeX Warning: `!h' float specifier changed to `!ht'.

[7



] [8 <./images/../../design/app_structure.jpg>]
<images/circleci.jpg, id=566, 963.6pt x 542.025pt>
File: images/circleci.jpg Graphic file (type jpg)
 <use images/circleci.jpg>
Package pdftex.def Info: images/circleci.jpg used on input line 88.
(pdftex.def)             Requested size: 341.43436pt x 192.05217pt.

[9 <./images/circleci.jpg>]
<images/elasticbeanstalk.jpg, id=582, 963.6pt x 542.025pt>
File: images/elasticbeanstalk.jpg Graphic file (type jpg)

<use images/elasticbeanstalk.jpg>
Package pdftex.def Info: images/elasticbeanstalk.jpg used on input line 113.
(pdftex.def)             Requested size: 341.43436pt x 192.05217pt.

Overfull \hbox (1.78854pt too wide) in paragraph at lines 129--143
\OT1/ptm/m/n/10.95 tual de-ploy-ment, and the ap-proach is based on the example
s[[]][[]]. The \OT1/pcr/m/n/10.95 $AWS[]ACCESS[]KEY[]ID
 []

<images/deployment.jpg, id=589, 963.6pt x 542.025pt>
File: images/deployment.jpg Graphic file (type jpg)

<use images/deployment.jpg>
Package pdftex.def Info: images/deployment.jpg used on input line 146.
(pdftex.def)             Requested size: 341.43436pt x 192.05217pt.


LaTeX Warning: `!h' float specifier changed to `!ht'.

[10 <./images/elasticbeanstalk.jpg>]
<images/../../design/story_board_lecturer.jpg, id=604, 2619.7875pt x 3840.3475p
t>
File: images/../../design/story_board_lecturer.jpg Graphic file (type jpg)
 <use images/../../design/story_board_lecturer.jpg>
Package pdftex.def Info: images/../../design/story_board_lecturer.jpg used on i
nput line 174.
(pdftex.def)             Requested size: 384.10959pt x 563.01833pt.


LaTeX Warning: `!h' float specifier changed to `!ht'.


<images/../../design/story_board_student.jpg, id=605, 2619.7875pt x 2705.10625p
t>
File: images/../../design/story_board_student.jpg Graphic file (type jpg)
 <use images/../../design/story_board_student.jpg>
Package pdftex.def Info: images/../../design/story_board_student.jpg used on in
put line 181.
(pdftex.def)             Requested size: 384.10959pt x 396.58504pt.
 [11 <./images/deployment.jpg>] [12 <./images/../../design/story_board_lecturer
.jpg>]
<images/burn1.jpg, id=619, 723.45282pt x 470.50781pt>
File: images/burn1.jpg Graphic file (type jpg)
 <use images/burn1.jpg>
Package pdftex.def Info: images/burn1.jpg used on input line 195.
(pdftex.def)             Requested size: 426.79134pt x 277.56848pt.

[13 <./images/../../design/story_board_student.jpg>] [14 <./images/burn1.jpg>]
<images/student_login.jpg, id=632, 451.6875pt x 300.3722pt>
File: images/student_login.jpg Graphic file (type jpg)

<use images/student_login.jpg>
Package pdftex.def Info: images/student_login.jpg used on input line 222.
(pdftex.def)             Requested size: 341.43436pt x 227.06607pt.

<images/lecturer_login.jpg, id=633, 451.6875pt x 301.125pt>
File: images/lecturer_login.jpg Graphic file (type jpg)

<use images/lecturer_login.jpg>
Package pdftex.def Info: images/lecturer_login.jpg used on input line 229.
(pdftex.def)             Requested size: 341.43436pt x 227.63515pt.
 [15 <./images/student_login.jpg> <./images/lecturer_login.jpg>]
LaTeX Font Info:    Try loading font information for OMS+ptm on input line 244.

 (/usr/share/texlive/texmf-dist/tex/latex/psnfss/omsptm.fd
File: omsptm.fd 
)
LaTeX Font Info:    Font shape `OMS/ptm/m/n' in size <10> not available
(Font)              Font shape `OMS/cmsy/m/n' tried instead on input line 244.

Overfull \hbox (29.2133pt too wide) in paragraph at lines 244--245
[][][][][][][][][][][][][][][][][][][][][][][][][] 
 []


Overfull \hbox (62.29904pt too wide) in paragraph at lines 255--265
\OT1/ptm/m/n/10.95 the \OT1/pcr/m/n/10.95 server/index.js\OT1/ptm/m/n/10.95 . T
he call-back han-dler lo-cated in the \OT1/pcr/m/n/10.95 server/helpers/passpor
t.helper.js
 []


Overfull \hbox (41.48315pt too wide) in paragraph at lines 266--274
\OT1/ptm/m/n/10.95 fore ren-der-ing his dash-board. The guard uses the \OT1/pcr
/m/n/10.95 client/src/app/services/auth.service.ts
 []

<images/initialERD.jpg, id=646, 3493.05pt x 2456.17625pt>
File: images/initialERD.jpg Graphic file (type jpg)

<use images/initialERD.jpg>
Package pdftex.def Info: images/initialERD.jpg used on input line 286.
(pdftex.def)             Requested size: 341.43436pt x 240.04776pt.


LaTeX Warning: `!h' float specifier changed to `!ht'.

<images/dashboard.jpg, id=647, 721.94719pt x 630.10406pt>
File: images/dashboard.jpg Graphic file (type jpg)

<use images/dashboard.jpg>
Package pdftex.def Info: images/dashboard.jpg used on input line 295.
(pdftex.def)             Requested size: 341.43436pt x 297.99495pt.
 [16] [17 <./images/initialERD.jpg> <./images/dashboard.jpg>] <images/fileuploa
d.jpg, id=675, 963.6pt x 542.025pt>
File: images/fileupload.jpg Graphic file (type jpg)

<use images/fileupload.jpg>
Package pdftex.def Info: images/fileupload.jpg used on input line 320.
(pdftex.def)             Requested size: 341.43436pt x 192.05217pt.

<images/dashboard_upload.jpg, id=679, 721.19438pt x 630.85687pt>
File: images/dashboard_upload.jpg Graphic file (type jpg)

<use images/dashboard_upload.jpg>
Package pdftex.def Info: images/dashboard_upload.jpg used on input line 336.
(pdftex.def)             Requested size: 341.43436pt x 298.65901pt.

<images/broadcast.jpg, id=680, 721.94719pt x 630.85687pt>
File: images/broadcast.jpg Graphic file (type jpg)

<use images/broadcast.jpg>
Package pdftex.def Info: images/broadcast.jpg used on input line 344.
(pdftex.def)             Requested size: 341.43436pt x 298.35098pt.


LaTeX Warning: `!h' float specifier changed to `!ht'.

[18 <./images/fileupload.jpg>]
LaTeX Font Info:    Try loading font information for OMS+pcr on input line 356.


(/usr/share/texlive/texmf-dist/tex/latex/psnfss/omspcr.fd
File: omspcr.fd 
)
LaTeX Font Info:    Font shape `OMS/pcr/m/n' in size <10.95> not available
(Font)              Font shape `OMS/cmsy/m/n' tried instead on input line 356.

<images/sockets.jpg, id=697, 963.6pt x 542.025pt>
File: images/sockets.jpg Graphic file (type jpg)
 <use images/sockets.jpg>
Package pdftex.def Info: images/sockets.jpg used on input line 364.
(pdftex.def)             Requested size: 426.79134pt x 240.06314pt.


LaTeX Warning: `!h' float specifier changed to `!ht'.

[19 <./images/dashboard_upload.jpg>] [20 <./images/broadcast.jpg> <./images/soc
kets.jpg>] <images/burn2.jpg, id=709, 723.45282pt x 471.26062pt>
File: images/burn2.jpg Graphic file (type jpg)

<use images/burn2.jpg>
Package pdftex.def Info: images/burn2.jpg used on input line 380.
(pdftex.def)             Requested size: 426.79134pt x 278.01259pt.
 [21 <./images/burn2.jpg>]
<images/editinitial.jpg, id=716, 704.6325pt x 628.59843pt>
File: images/editinitial.jpg Graphic file (type jpg)

<use images/editinitial.jpg>
Package pdftex.def Info: images/editinitial.jpg used on input line 424.
(pdftex.def)             Requested size: 341.43436pt x 304.5917pt.
 [22 <./images/editinitial.jpg>] [23]
Chapter 3.
[24

]
Chapter 4.
) [25

]
\openout2 = `Chapter3/chapter3.aux'.

 (./Chapter3/chapter3.tex
Chapter 5.
) [26



]
\openout2 = `Appendix1/appendix1.aux'.

 (./Appendix1/appendix1.tex
Appendix A.

LaTeX Warning: Citation `apache_poi' on page 27 undefined on input line 15.


LaTeX Warning: Citation `apache_license' on page 27 undefined on input line 16.


) [27



]
\openout2 = `Appendix2/appendix2.aux'.

 (./Appendix2/appendix2.tex
Appendix B.
<Appendix2/9563.pdf, id=756, 614.295pt x 794.97pt>
File: Appendix2/9563.pdf Graphic file (type pdf)
 <use Appendix2/9563.pdf>
Package pdftex.def Info: Appendix2/9563.pdf used on input line 6.
(pdftex.def)             Requested size: 614.29349pt x 794.96806pt.
File: Appendix2/9563.pdf Graphic file (type pdf)

<use Appendix2/9563.pdf>
Package pdftex.def Info: Appendix2/9563.pdf used on input line 6.
(pdftex.def)             Requested size: 614.29349pt x 794.96806pt.

<Appendix2/9563.pdf, id=759, page=1, 614.295pt x 794.97pt>
File: Appendix2/9563.pdf Graphic file (type pdf)

<use Appendix2/9563.pdf, page 1>
Package pdftex.def Info: Appendix2/9563.pdf, page1 used on input line 6.
(pdftex.def)             Requested size: 614.29349pt x 794.96806pt.
File: Appendix2/9563.pdf Graphic file (type pdf)
 <use Appendix2/9563.pdf, page 1>
Package pdftex.def Info: Appendix2/9563.pdf, page1 used on input line 6.
(pdftex.def)             Requested size: 597.78697pt x 773.60669pt.
 [28



]
File: Appendix2/9563.pdf Graphic file (type pdf)

<use Appendix2/9563.pdf, page 1>
Package pdftex.def Info: Appendix2/9563.pdf, page1 used on input line 6.
(pdftex.def)             Requested size: 597.78697pt x 773.60669pt.
File: Appendix2/9563.pdf Graphic file (type pdf)
 <use Appendix2/9563.pdf, page 1>
Package pdftex.def Info: Appendix2/9563.pdf, page1 used on input line 6.
(pdftex.def)             Requested size: 597.78697pt x 773.60669pt.
File: Appendix2/9563.pdf Graphic file (type pdf)

<use Appendix2/9563.pdf, page 1>
Package pdftex.def Info: Appendix2/9563.pdf, page1 used on input line 6.
(pdftex.def)             Requested size: 597.78697pt x 773.60669pt.
 [29 <./Appendix2/9563.pdf>]
<Appendix2/9563.pdf, id=773, page=2, 614.295pt x 794.97pt>
File: Appendix2/9563.pdf Graphic file (type pdf)

<use Appendix2/9563.pdf, page 2>
Package pdftex.def Info: Appendix2/9563.pdf, page2 used on input line 6.
(pdftex.def)             Requested size: 597.78697pt x 773.60669pt.
File: Appendix2/9563.pdf Graphic file (type pdf)
 <use Appendix2/9563.pdf, page 2>
Package pdftex.def Info: Appendix2/9563.pdf, page2 used on input line 6.
(pdftex.def)             Requested size: 597.78697pt x 773.60669pt.
File: Appendix2/9563.pdf Graphic file (type pdf)

<use Appendix2/9563.pdf, page 2>
Package pdftex.def Info: Appendix2/9563.pdf, page2 used on input line 6.
(pdftex.def)             Requested size: 597.78697pt x 773.60669pt.
 [30 <./Appendix2/9563.pdf>])
\openout2 = `Appendix3/appendix3.aux'.


(./Appendix3/appendix3.tex
Appendix C.
<Appendix3/1.jpg, id=778, 737.00343pt x 674.52pt>
File: Appendix3/1.jpg Graphic file (type jpg)
 <use Appendix3/1.jpg>
Package pdftex.def Info: Appendix3/1.jpg used on input line 9.
(pdftex.def)             Requested size: 384.10959pt x 351.54492pt.

[31



 <./Appendix3/1.jpg>] <Appendix3/2.jpg, id=784, 737.75626pt x 662.475pt>
File: Appendix3/2.jpg Graphic file (type jpg)

<use Appendix3/2.jpg>
Package pdftex.def Info: Appendix3/2.jpg used on input line 18.
(pdftex.def)             Requested size: 384.10959pt x 344.91354pt.
) [32 <./Appendix3/2.jpg>]
\openout2 = `Appendix4/appendix4.aux'.

 (./Appendix4/appendix4.tex
Appendix D.
<Appendix4/1.pdf, id=790, 614.295pt x 794.97pt>
File: Appendix4/1.pdf Graphic file (type pdf)
 <use Appendix4/1.pdf>
Package pdftex.def Info: Appendix4/1.pdf used on input line 7.
(pdftex.def)             Requested size: 614.29349pt x 794.96806pt.
File: Appendix4/1.pdf Graphic file (type pdf)

<use Appendix4/1.pdf>
Package pdftex.def Info: Appendix4/1.pdf used on input line 7.
(pdftex.def)             Requested size: 614.29349pt x 794.96806pt.
 <Appendix4/1.pdf, id=793, page=1, 614.295pt x 794.97pt>
File: Appendix4/1.pdf Graphic file (type pdf)

<use Appendix4/1.pdf, page 1>
Package pdftex.def Info: Appendix4/1.pdf, page1 used on input line 7.
(pdftex.def)             Requested size: 614.29349pt x 794.96806pt.
File: Appendix4/1.pdf Graphic file (type pdf)
 <use Appendix4/1.pdf, page 1>
Package pdftex.def Info: Appendix4/1.pdf, page1 used on input line 7.
(pdftex.def)             Requested size: 597.78697pt x 773.60669pt.
 [33



]
File: Appendix4/1.pdf Graphic file (type pdf)

<use Appendix4/1.pdf, page 1>
Package pdftex.def Info: Appendix4/1.pdf, page1 used on input line 7.
(pdftex.def)             Requested size: 597.78697pt x 773.60669pt.
File: Appendix4/1.pdf Graphic file (type pdf)
 <use Appendix4/1.pdf, page 1>
Package pdftex.def Info: Appendix4/1.pdf, page1 used on input line 7.
(pdftex.def)             Requested size: 597.78697pt x 773.60669pt.
File: Appendix4/1.pdf Graphic file (type pdf)

<use Appendix4/1.pdf, page 1>
Package pdftex.def Info: Appendix4/1.pdf, page1 used on input line 7.
(pdftex.def)             Requested size: 597.78697pt x 773.60669pt.
 [34 <./Appendix4/1.pdf

pdfTeX warning: pdflatex (file ./Appendix4/1.pdf): PDF inclusion: invalid other
 resource which is no dict (key 'ProcSets', type <array>); ignored.
>] <Appendix4/2.pdf, id=810, 614.295pt x 794.97pt>
File: Appendix4/2.pdf Graphic file (type pdf)
 <use Appendix4/2.pdf>
Package pdftex.def Info: Appendix4/2.pdf used on input line 8.
(pdftex.def)             Requested size: 614.29349pt x 794.96806pt.
File: Appendix4/2.pdf Graphic file (type pdf)

<use Appendix4/2.pdf>
Package pdftex.def Info: Appendix4/2.pdf used on input line 8.
(pdftex.def)             Requested size: 614.29349pt x 794.96806pt.
 <Appendix4/2.pdf, id=813, page=1, 614.295pt x 794.97pt>
File: Appendix4/2.pdf Graphic file (type pdf)

<use Appendix4/2.pdf, page 1>
Package pdftex.def Info: Appendix4/2.pdf, page1 used on input line 8.
(pdftex.def)             Requested size: 614.29349pt x 794.96806pt.
File: Appendix4/2.pdf Graphic file (type pdf)
 <use Appendix4/2.pdf, page 1>
Package pdftex.def Info: Appendix4/2.pdf, page1 used on input line 8.
(pdftex.def)             Requested size: 597.78697pt x 773.60669pt.
File: Appendix4/2.pdf Graphic file (type pdf)

<use Appendix4/2.pdf, page 1>
Package pdftex.def Info: Appendix4/2.pdf, page1 used on input line 8.
(pdftex.def)             Requested size: 597.78697pt x 773.60669pt.
File: Appendix4/2.pdf Graphic file (type pdf)
 <use Appendix4/2.pdf, page 1>
Package pdftex.def Info: Appendix4/2.pdf, page1 used on input line 8.
(pdftex.def)             Requested size: 597.78697pt x 773.60669pt.
File: Appendix4/2.pdf Graphic file (type pdf)

<use Appendix4/2.pdf, page 1>
Package pdftex.def Info: Appendix4/2.pdf, page1 used on input line 8.
(pdftex.def)             Requested size: 597.78697pt x 773.60669pt.
 [35 <./Appendix4/2.pdf

pdfTeX warning: pdflatex (file ./Appendix4/2.pdf): PDF inclusion: invalid other
 resource which is no dict (key 'ProcSets', type <array>); ignored.
>] <Appendix4/2_5.pdf, id=826, 614.295pt x 794.97pt>
File: Appendix4/2_5.pdf Graphic file (type pdf)
 <use Appendix4/2_5.pdf>
Package pdftex.def Info: Appendix4/2_5.pdf used on input line 9.
(pdftex.def)             Requested size: 614.29349pt x 794.96806pt.
File: Appendix4/2_5.pdf Graphic file (type pdf)

<use Appendix4/2_5.pdf>
Package pdftex.def Info: Appendix4/2_5.pdf used on input line 9.
(pdftex.def)             Requested size: 614.29349pt x 794.96806pt.

<Appendix4/2_5.pdf, id=829, page=1, 614.295pt x 794.97pt>
File: Appendix4/2_5.pdf Graphic file (type pdf)

<use Appendix4/2_5.pdf, page 1>
Package pdftex.def Info: Appendix4/2_5.pdf, page1 used on input line 9.
(pdftex.def)             Requested size: 614.29349pt x 794.96806pt.
File: Appendix4/2_5.pdf Graphic file (type pdf)
 <use Appendix4/2_5.pdf, page 1>
Package pdftex.def Info: Appendix4/2_5.pdf, page1 used on input line 9.
(pdftex.def)             Requested size: 597.78697pt x 773.60669pt.
File: Appendix4/2_5.pdf Graphic file (type pdf)

<use Appendix4/2_5.pdf, page 1>
Package pdftex.def Info: Appendix4/2_5.pdf, page1 used on input line 9.
(pdftex.def)             Requested size: 597.78697pt x 773.60669pt.
File: Appendix4/2_5.pdf Graphic file (type pdf)
 <use Appendix4/2_5.pdf, page 1>
Package pdftex.def Info: Appendix4/2_5.pdf, page1 used on input line 9.
(pdftex.def)             Requested size: 597.78697pt x 773.60669pt.
File: Appendix4/2_5.pdf Graphic file (type pdf)

<use Appendix4/2_5.pdf, page 1>
Package pdftex.def Info: Appendix4/2_5.pdf, page1 used on input line 9.
(pdftex.def)             Requested size: 597.78697pt x 773.60669pt.
 [36 <./Appendix4/2_5.pdf

pdfTeX warning: pdflatex (file ./Appendix4/2_5.pdf): PDF inclusion: invalid oth
er resource which is no dict (key 'ProcSets', type <array>); ignored.
>])
\openout2 = `Appendix5/appendix5.aux'.

 (./Appendix5/appendix5.tex
Appendix E.
[37



] [38] [39]
LaTeX Font Info:    Try loading font information for OML+ptm on input line 92.
 (/usr/share/texlive/texmf-dist/tex/latex/psnfss/omlptm.fd
File: omlptm.fd 
)
LaTeX Font Info:    Font shape `OML/ptm/m/n' in size <10> not available
(Font)              Font shape `OML/cmm/m/it' tried instead on input line 92.

[40] [41]) [42]
Missing character: There is no ‚ in font ptmr7t!
Missing character: There is no Ä in font ptmr7t!
Missing character: There is no ú in font ptmr7t!
Missing character: There is no ‚ in font ptmr7t!
Missing character: There is no Ä in font ptmr7t!
Missing character: There is no ù in font ptmr7t!

Underfull \hbox (badness 10000) in paragraph at lines 128--129
[]\OT1/ptm/m/n/10.95 Google Sign-In, "Google Iden-tity home-page", 2018. [On-li
ne] Avail-able:
 []


Underfull \hbox (badness 10000) in paragraph at lines 133--135
[]\OT1/ptm/m/n/10.95 Java Pro-gram-ming Lan-guage, "Java home-page", 2018. [On-
line] Avail-able:
 []


Underfull \hbox (badness 10000) in paragraph at lines 133--135
\OT1/ptm/m/n/10.95 https://docs.oracle.com/javase/8/docs/technotes/guides/langu
age/index.html, [Ac-cessed:
 []

Missing character: There is no ‚ in font ptmr7t!
Missing character: There is no Ñ in font ptmr7t!
Missing character: There is no ¢ in font ptmr7t!

Underfull \hbox (badness 10000) in paragraph at lines 147--148
[]\OT1/ptm/m/n/10.95 React Na-tive, "Re-act Na-tive home-page", 2018. [On-line]
 Avail-able:
 []

[43


]
Underfull \hbox (badness 10000) in paragraph at lines 169--170
[]\OT1/ptm/m/n/10.95 I. Fette, A. Mel-nikov, "The Web-Socket Pro-to-col", [On-l
ine] Avail-able:
 []


Underfull \hbox (badness 10000) in paragraph at lines 178--179
[]\OT1/ptm/m/n/10.95 Chat Ap-pli-ca-tion Tu-to-rial, "Socket.io home-page", 201
8. [On-line] Avail-able:
 []


Underfull \hbox (badness 10000) in paragraph at lines 182--183
[]\OT1/ptm/m/n/10.95 Tour of Heroes Tu-to-rial, "An-gu-lar home-page", 2018. [O
n-line] Avail-able:
 []


Underfull \hbox (badness 10000) in paragraph at lines 186--189
[]\OT1/ptm/m/n/10.95 Building Chat Ap-pli-ca-tion us-ing MEAN Stack (An-gu-lar 
4)
 []


Underfull \hbox (badness 10000) in paragraph at lines 186--189
\OT1/ptm/m/n/10.95 and Socket.io, "djamware.com", 2018. [On-line] Avail-able:
 []


Underfull \hbox (badness 10000) in paragraph at lines 186--189
\OT1/ptm/m/n/10.95 https://www.djamware.com/post/58e0d15280aca75cdc948e4e/build
ing-chat-application-
 []


Underfull \hbox (badness 10000) in paragraph at lines 198--199
[]\OT1/ptm/m/n/10.95 Microsoft Pow-er-Point, "prod-ucts.office.com", 2018. [On-
line] Avail-able:
 []

[44]
Underfull \hbox (badness 10000) in paragraph at lines 210--211
[]\OT1/ptm/m/n/10.95 docker-compose, "docker-compose home-page", [On-line] Avai
l-able:
 []

Missing character: There is no ‚ in font ptmr7t!
Missing character: There is no Ä in font ptmr7t!
Missing character: There is no ú in font ptmr7t!
Missing character: There is no ‚ in font ptmr7t!
Missing character: There is no Ä in font ptmr7t!
Missing character: There is no ù in font ptmr7t!
[45]
Missing character: There is no ‚ in font ptmr7t!
Missing character: There is no Ä in font ptmr7t!
Missing character: There is no ú in font ptmr7t!
Missing character: There is no ‚ in font ptmr7t!
Missing character: There is no Ä in font ptmr7t!
Missing character: There is no ù in font ptmr7t!

Overfull \hbox (38.43533pt too wide) in paragraph at lines 264--266
[]\OT1/ptm/m/n/10.95 Git Fea-ture Branch Work-flow, [On-line] Avail-able: https
://www.atlassian.com/git/tutorials/comparing-
 []


Underfull \hbox (badness 10000) in paragraph at lines 277--278
[]\OT1/ptm/m/n/10.95 Google Sheets, "Google docs home-page", [On-line] Avail-ab
le:
 []


Underfull \hbox (badness 4254) in paragraph at lines 286--287
[]\OT1/ptm/m/n/10.95 avatsaev, "Dock-er-ized An-gu-lar 4 App (with An-gu-lar CL
I)", [On-line] Avail-able:
 []


Underfull \hbox (badness 10000) in paragraph at lines 290--291
[]\OT1/ptm/m/n/10.95 mongo, "mongo of-fi-cial docker repos-i-tory", [On-line] A
vail-able:
 []


Underfull \hbox (badness 10000) in paragraph at lines 294--295
[]\OT1/ptm/m/n/10.95 What Is AWS Elas-tic Beanstalk, "AWS docs", [On-line] Avai
l-able:
 []


Underfull \hbox (badness 10000) in paragraph at lines 294--295
\OT1/ptm/m/n/10.95 https://docs.aws.amazon.com/elasticbeanstalk/latest/dg/Welco
me.html, [Ac-cessed: Apr.
 []


Underfull \hbox (badness 10000) in paragraph at lines 298--299
[]\OT1/ptm/m/n/10.95 Multicontainer Docker En-vi-ron-ments, "AWS docs", [On-lin
e] Avail-able:
 []


Underfull \hbox (badness 10000) in paragraph at lines 298--299
\OT1/ptm/m/n/10.95 https://docs.aws.amazon.com/elasticbeanstalk/latest/dg/creat
e[]deploy[]docker[]ecs.html,
 []

[46]
Underfull \hbox (badness 2080) in paragraph at lines 310--311
[]\OT1/ptm/m/n/10.95 How to setup Elas-tic Beanstalk De-ploy-ment, "cir-cleci f
o-rum", [On-line] Avail-able:
 []


Underfull \hbox (badness 1014) in paragraph at lines 310--311
\OT1/ptm/m/n/10.95 https://discuss.circleci.com/t/how-to-setup-elastic-beanstal
k-deployment/6154/4, [Ac-cessed:
 []


Underfull \hbox (badness 10000) in paragraph at lines 331--332
[]\OT1/ptm/m/n/10.95 passport-google-oauth, "passport-google-oauth github page"
, [On-line] Avail-able:
 []


Underfull \hbox (badness 10000) in paragraph at lines 335--336
[]\OT1/ptm/m/n/10.95 OAuth2, "OAuth 2.0 Au-tho-riza-tion Frame-work", [On-line]
 Avail-able:
 []

[47]
Underfull \hbox (badness 10000) in paragraph at lines 352--353
[]\OT1/ptm/m/n/10.95 ng2-file-upload, "ng2-file-upload home-page", [On-line] Av
ail-able: https://valor-
 []


Underfull \hbox (badness 10000) in paragraph at lines 356--357
[]\OT1/ptm/m/n/10.95 pdf-extract, "pdf-extract github repos-i-tory", [On-line] 
Avail-able:
 []


AED: lastpage setting LastPage
[48]
Package atveryend Info: Empty hook `BeforeClearDocument' on input line 366.
Package atveryend Info: Empty hook `AfterLastShipout' on input line 366.
 (./mwg2_finalreport.aux (./cover.aux) (./declaration.aux)
(./acknowledgements.aux) (./abstract.aux) (./Chapter1/chapter1.aux)
(./Chapter2/chapter2.aux) (./Chapter3/chapter3.aux) (./Appendix1/appendix1.aux)
(./Appendix2/appendix2.aux) (./Appendix3/appendix3.aux)
(./Appendix4/appendix4.aux) (./Appendix5/appendix5.aux))
Package atveryend Info: Executing hook `AtVeryEndDocument' on input line 366.
Package atveryend Info: Executing hook `AtEndAfterFileList' on input line 366.
Package rerunfilecheck Info: File `mwg2_finalreport.out' has not changed.
(rerunfilecheck)             Checksum: C74F50133A5F44C48AA962DB63A80B8F;4337.


LaTeX Warning: There were undefined references.


LaTeX Warning: There were multiply-defined labels.

Package atveryend Info: Empty hook `AtVeryVeryEnd' on input line 366.
 ) 
Here is how much of TeX's memory you used:
 10608 strings out of 493029
 156848 string characters out of 6136234
 335793 words of memory out of 5000000
 13473 multiletter control sequences out of 15000+600000
 29289 words of font info for 67 fonts, out of 8000000 for 9000
 1141 hyphenation exceptions out of 8191
 49i,18n,48p,568b,1297s stack positions out of 5000i,500n,10000p,200000b,80000s
{/usr/share/texlive/texmf-dist/fonts/enc/dvips/base/8r.enc}</usr/share/texliv
e/texmf-dist/fonts/type1/public/amsfonts/cm/cmmi10.pfb></usr/share/texlive/texm
f-dist/fonts/type1/public/amsfonts/cm/cmsy10.pfb></usr/share/texlive/texmf-dist
/fonts/type1/urw/courier/ucrr8a.pfb></usr/share/texlive/texmf-dist/fonts/type1/
urw/times/utmb8a.pfb></usr/share/texlive/texmf-dist/fonts/type1/urw/times/utmr8
a.pfb></usr/share/texlive/texmf-dist/fonts/type1/urw/times/utmr8a.pfb></usr/sha
re/texlive/texmf-dist/fonts/type1/urw/times/utmri8a.pfb>
Output written on mwg2_finalreport.pdf (56 pages, 4711319 bytes).
PDF statistics:
 1163 PDF objects out of 1200 (max. 8388607)
 1044 compressed objects within 11 object streams
 388 named destinations out of 1000 (max. 500000)
 698 words of extra memory for PDF output out of 10000 (max. 10000000)

