\BOOKMARK [0][-]{chapter.1}{Background \046 Objectives}{}% 1
\BOOKMARK [1][-]{section.1.1}{Background}{chapter.1}% 2
\BOOKMARK [1][-]{section.1.2}{Analysis}{chapter.1}% 3
\BOOKMARK [1][-]{section.1.3}{Process}{chapter.1}% 4
\BOOKMARK [0][-]{chapter.2}{Design}{}% 5
\BOOKMARK [1][-]{section.2.1}{Overall Architecture}{chapter.2}% 6
\BOOKMARK [1][-]{section.2.2}{Some detailed design}{chapter.2}% 7
\BOOKMARK [2][-]{subsection.2.2.1}{Even more detail}{section.2.2}% 8
\BOOKMARK [1][-]{section.2.3}{User Interface}{chapter.2}% 9
\BOOKMARK [1][-]{section.2.4}{Other relevant sections}{chapter.2}% 10
\BOOKMARK [0][-]{chapter.3}{Implementation}{}% 11
\BOOKMARK [0][-]{chapter.4}{Testing}{}% 12
\BOOKMARK [1][-]{section.4.1}{Overall Approach to Testing}{chapter.4}% 13
\BOOKMARK [1][-]{section.4.2}{Automated Testing}{chapter.4}% 14
\BOOKMARK [2][-]{subsection.4.2.1}{Unit Tests}{section.4.2}% 15
\BOOKMARK [2][-]{subsection.4.2.2}{User Interface Testing}{section.4.2}% 16
\BOOKMARK [2][-]{subsection.4.2.3}{Stress Testing}{section.4.2}% 17
\BOOKMARK [2][-]{subsection.4.2.4}{Other types of testing}{section.4.2}% 18
\BOOKMARK [1][-]{section.4.3}{Integration Testing}{chapter.4}% 19
\BOOKMARK [1][-]{section.4.4}{User Testing}{chapter.4}% 20
\BOOKMARK [0][-]{chapter.5}{Evaluation}{}% 21
\BOOKMARK [0][-]{chapter.5}{Appendices}{}% 22
\BOOKMARK [0][-]{appendix.A}{Third-Party Code and Libraries}{}% 23
\BOOKMARK [0][-]{appendix.B}{Ethics Submission}{}% 24
\BOOKMARK [0][-]{appendix.C}{Code Examples}{}% 25
\BOOKMARK [1][-]{section.C.1}{Random Number Generator}{appendix.C}% 26
\BOOKMARK [0][-]{section.C.1}{Annotated Bibliography}{}% 27
